{"/Users/orikanner/Documents/plusgrade_playground/server/src/index.js": {"path":"/Users/orikanner/Documents/plusgrade_playground/server/src/index.js","statementMap":{"0":{"start":{"line":16,"column":0},"end":{"line":16,"column":16}},"1":{"start":{"line":18,"column":12},"end":{"line":18,"column":21}},"2":{"start":{"line":23,"column":0},"end":{"line":23,"column":18}},"3":{"start":{"line":26,"column":0},"end":{"line":37,"column":2}},"4":{"start":{"line":35,"column":6},"end":{"line":35,"column":61}},"5":{"start":{"line":42,"column":0},"end":{"line":42,"column":17}},"6":{"start":{"line":45,"column":0},"end":{"line":45,"column":38}},"7":{"start":{"line":48,"column":0},"end":{"line":53,"column":2}},"8":{"start":{"line":51,"column":4},"end":{"line":51,"column":48}},"9":{"start":{"line":56,"column":0},"end":{"line":56,"column":39}},"10":{"start":{"line":59,"column":0},"end":{"line":59,"column":24}},"11":{"start":{"line":62,"column":0},"end":{"line":62,"column":34}},"12":{"start":{"line":64,"column":0},"end":{"line":64,"column":45}},"13":{"start":{"line":67,"column":0},"end":{"line":67,"column":22}},"14":{"start":{"line":69,"column":0},"end":{"line":71,"column":3}},"15":{"start":{"line":70,"column":2},"end":{"line":70,"column":49}},"16":{"start":{"line":75,"column":2},"end":{"line":75,"column":64}},"17":{"start":{"line":76,"column":2},"end":{"line":83,"column":5}},"18":{"start":{"line":77,"column":4},"end":{"line":80,"column":5}},"19":{"start":{"line":78,"column":6},"end":{"line":78,"column":51}},"20":{"start":{"line":79,"column":6},"end":{"line":79,"column":22}},"21":{"start":{"line":81,"column":4},"end":{"line":81,"column":52}},"22":{"start":{"line":82,"column":4},"end":{"line":82,"column":20}},"23":{"start":{"line":86,"column":2},"end":{"line":89,"column":20}},"24":{"start":{"line":87,"column":4},"end":{"line":87,"column":53}},"25":{"start":{"line":88,"column":4},"end":{"line":88,"column":20}},"26":{"start":{"line":93,"column":0},"end":{"line":93,"column":35}},"27":{"start":{"line":94,"column":0},"end":{"line":94,"column":36}}},"fnMap":{"0":{"name":"(anonymous_0)","decl":{"start":{"line":34,"column":20},"end":{"line":34,"column":21}},"loc":{"start":{"line":35,"column":6},"end":{"line":35,"column":61}},"line":35},"1":{"name":"(anonymous_1)","decl":{"start":{"line":49,"column":15},"end":{"line":49,"column":16}},"loc":{"start":{"line":49,"column":38},"end":{"line":52,"column":3}},"line":49},"2":{"name":"(anonymous_2)","decl":{"start":{"line":69,"column":17},"end":{"line":69,"column":18}},"loc":{"start":{"line":69,"column":23},"end":{"line":71,"column":1}},"line":69},"3":{"name":"gracefulExit","decl":{"start":{"line":74,"column":9},"end":{"line":74,"column":21}},"loc":{"start":{"line":74,"column":24},"end":{"line":90,"column":1}},"line":74},"4":{"name":"(anonymous_4)","decl":{"start":{"line":76,"column":12},"end":{"line":76,"column":13}},"loc":{"start":{"line":76,"column":23},"end":{"line":83,"column":3}},"line":76},"5":{"name":"(anonymous_5)","decl":{"start":{"line":86,"column":13},"end":{"line":86,"column":14}},"loc":{"start":{"line":86,"column":19},"end":{"line":89,"column":3}},"line":86}},"branchMap":{"0":{"loc":{"start":{"line":35,"column":6},"end":{"line":35,"column":61}},"type":"cond-expr","locations":[{"start":{"line":35,"column":12},"end":{"line":35,"column":19}},{"start":{"line":35,"column":22},"end":{"line":35,"column":61}}],"line":35},"1":{"loc":{"start":{"line":35,"column":22},"end":{"line":35,"column":61}},"type":"cond-expr","locations":[{"start":{"line":35,"column":46},"end":{"line":35,"column":52}},{"start":{"line":35,"column":55},"end":{"line":35,"column":61}}],"line":35},"2":{"loc":{"start":{"line":77,"column":4},"end":{"line":80,"column":5}},"type":"if","locations":[{"start":{"line":77,"column":4},"end":{"line":80,"column":5}},{"start":{},"end":{}}],"line":77}},"s":{"0":0,"1":0,"2":0,"3":0,"4":0,"5":0,"6":0,"7":0,"8":0,"9":0,"10":0,"11":0,"12":0,"13":0,"14":0,"15":0,"16":0,"17":0,"18":0,"19":0,"20":0,"21":0,"22":0,"23":0,"24":0,"25":0,"26":0,"27":0},"f":{"0":0,"1":0,"2":0,"3":0,"4":0,"5":0},"b":{"0":[0,0],"1":[0,0],"2":[0,0]},"inputSourceMap":null}
,"/Users/orikanner/Documents/plusgrade_playground/server/src/config/env.js": {"path":"/Users/orikanner/Documents/plusgrade_playground/server/src/config/env.js","statementMap":{"0":{"start":{"line":3,"column":0},"end":{"line":3,"column":16}},"1":{"start":{"line":5,"column":20},"end":{"line":5,"column":46}},"2":{"start":{"line":6,"column":24},"end":{"line":6,"column":61}},"3":{"start":{"line":7,"column":26},"end":{"line":7,"column":75}}},"fnMap":{},"branchMap":{"0":{"loc":{"start":{"line":5,"column":20},"end":{"line":5,"column":46}},"type":"binary-expr","locations":[{"start":{"line":5,"column":20},"end":{"line":5,"column":36}},{"start":{"line":5,"column":40},"end":{"line":5,"column":46}}],"line":5},"1":{"loc":{"start":{"line":6,"column":24},"end":{"line":6,"column":61}},"type":"binary-expr","locations":[{"start":{"line":6,"column":24},"end":{"line":6,"column":44}},{"start":{"line":6,"column":48},"end":{"line":6,"column":61}}],"line":6},"2":{"loc":{"start":{"line":7,"column":26},"end":{"line":7,"column":75}},"type":"binary-expr","locations":[{"start":{"line":7,"column":26},"end":{"line":7,"column":48}},{"start":{"line":7,"column":52},"end":{"line":7,"column":75}}],"line":7}},"s":{"0":0,"1":0,"2":0,"3":0},"f":{},"b":{"0":[0,0],"1":[0,0],"2":[0,0]},"inputSourceMap":null}
,"/Users/orikanner/Documents/plusgrade_playground/server/src/controllers/health.controller.js": {"path":"/Users/orikanner/Documents/plusgrade_playground/server/src/controllers/health.controller.js","statementMap":{"0":{"start":{"line":14,"column":2},"end":{"line":21,"column":3}},"1":{"start":{"line":15,"column":20},"end":{"line":15,"column":37}},"2":{"start":{"line":17,"column":4},"end":{"line":17,"column":41}},"3":{"start":{"line":20,"column":4},"end":{"line":20,"column":21}}},"fnMap":{"0":{"name":"healthController","decl":{"start":{"line":13,"column":16},"end":{"line":13,"column":32}},"loc":{"start":{"line":13,"column":50},"end":{"line":22,"column":1}},"line":13}},"branchMap":{},"s":{"0":0,"1":0,"2":0,"3":0},"f":{"0":0},"b":{},"inputSourceMap":null}
,"/Users/orikanner/Documents/plusgrade_playground/server/src/controllers/reservations.controller.js": {"path":"/Users/orikanner/Documents/plusgrade_playground/server/src/controllers/reservations.controller.js","statementMap":{"0":{"start":{"line":17,"column":2},"end":{"line":23,"column":3}},"1":{"start":{"line":19,"column":41},"end":{"line":19,"column":74}},"2":{"start":{"line":20,"column":4},"end":{"line":20,"column":43}},"3":{"start":{"line":22,"column":4},"end":{"line":22,"column":14}}},"fnMap":{"0":{"name":"getReservationsController","decl":{"start":{"line":16,"column":16},"end":{"line":16,"column":41}},"loc":{"start":{"line":16,"column":58},"end":{"line":24,"column":1}},"line":16}},"branchMap":{},"s":{"0":0,"1":0,"2":0,"3":0},"f":{"0":0},"b":{},"inputSourceMap":null}
,"/Users/orikanner/Documents/plusgrade_playground/server/src/db/constants.js": {"path":"/Users/orikanner/Documents/plusgrade_playground/server/src/db/constants.js","statementMap":{"0":{"start":{"line":3,"column":19},"end":{"line":3,"column":49}},"1":{"start":{"line":4,"column":18},"end":{"line":4,"column":42}},"2":{"start":{"line":7,"column":32},"end":{"line":10,"column":1}},"3":{"start":{"line":11,"column":28},"end":{"line":11,"column":77}}},"fnMap":{},"branchMap":{},"s":{"0":2,"1":2,"2":2,"3":2},"f":{},"b":{},"inputSourceMap":null,"_coverageSchema":"1a1c01bbd47fc00a2c39e90264f33305004495a9","hash":"8461f73a95437a16e2c51d94b491fc5a28217cce"}
,"/Users/orikanner/Documents/plusgrade_playground/server/src/db/jsonCache.js": {"path":"/Users/orikanner/Documents/plusgrade_playground/server/src/db/jsonCache.js","statementMap":{"0":{"start":{"line":19,"column":19},"end":{"line":19,"column":49}},"1":{"start":{"line":20,"column":18},"end":{"line":20,"column":42}},"2":{"start":{"line":23,"column":25},"end":{"line":26,"column":1}},"3":{"start":{"line":27,"column":21},"end":{"line":27,"column":79}},"4":{"start":{"line":29,"column":19},"end":{"line":29,"column":21}},"5":{"start":{"line":36,"column":2},"end":{"line":88,"column":3}},"6":{"start":{"line":37,"column":21},"end":{"line":37,"column":71}},"7":{"start":{"line":38,"column":20},"end":{"line":38,"column":62}},"8":{"start":{"line":40,"column":23},"end":{"line":40,"column":32}},"9":{"start":{"line":41,"column":4},"end":{"line":45,"column":5}},"10":{"start":{"line":42,"column":18},"end":{"line":42,"column":76}},"11":{"start":{"line":43,"column":6},"end":{"line":43,"column":23}},"12":{"start":{"line":44,"column":6},"end":{"line":44,"column":64}},"13":{"start":{"line":47,"column":16},"end":{"line":47,"column":25}},"14":{"start":{"line":48,"column":4},"end":{"line":81,"column":5}},"15":{"start":{"line":49,"column":62},"end":{"line":49,"column":69}},"16":{"start":{"line":51,"column":26},"end":{"line":51,"column":50}},"17":{"start":{"line":52,"column":19},"end":{"line":52,"column":23}},"18":{"start":{"line":53,"column":19},"end":{"line":53,"column":23}},"19":{"start":{"line":54,"column":6},"end":{"line":62,"column":7}},"20":{"start":{"line":55,"column":8},"end":{"line":55,"column":26}},"21":{"start":{"line":56,"column":8},"end":{"line":61,"column":9}},"22":{"start":{"line":57,"column":10},"end":{"line":57,"column":28}},"23":{"start":{"line":58,"column":10},"end":{"line":58,"column":16}},"24":{"start":{"line":60,"column":10},"end":{"line":60,"column":31}},"25":{"start":{"line":65,"column":6},"end":{"line":72,"column":7}},"26":{"start":{"line":66,"column":8},"end":{"line":71,"column":11}},"27":{"start":{"line":75,"column":21},"end":{"line":75,"column":45}},"28":{"start":{"line":76,"column":6},"end":{"line":76,"column":57}},"29":{"start":{"line":77,"column":6},"end":{"line":80,"column":7}},"30":{"start":{"line":78,"column":8},"end":{"line":78,"column":39}},"31":{"start":{"line":79,"column":8},"end":{"line":79,"column":42}},"32":{"start":{"line":84,"column":4},"end":{"line":84,"column":44}},"33":{"start":{"line":86,"column":4},"end":{"line":86,"column":54}},"34":{"start":{"line":87,"column":4},"end":{"line":87,"column":20}},"35":{"start":{"line":92,"column":0},"end":{"line":99,"column":5}},"36":{"start":{"line":93,"column":2},"end":{"line":98,"column":3}},"37":{"start":{"line":94,"column":4},"end":{"line":94,"column":22}},"38":{"start":{"line":96,"column":4},"end":{"line":96,"column":50}},"39":{"start":{"line":97,"column":4},"end":{"line":97,"column":20}},"40":{"start":{"line":107,"column":19},"end":{"line":107,"column":20}},"41":{"start":{"line":108,"column":2},"end":{"line":115,"column":3}},"42":{"start":{"line":109,"column":16},"end":{"line":109,"column":77}},"43":{"start":{"line":109,"column":46},"end":{"line":109,"column":76}},"44":{"start":{"line":110,"column":4},"end":{"line":113,"column":5}},"45":{"start":{"line":112,"column":6},"end":{"line":112,"column":16}},"46":{"start":{"line":114,"column":4},"end":{"line":114,"column":39}},"47":{"start":{"line":114,"column":18},"end":{"line":114,"column":39}},"48":{"start":{"line":116,"column":2},"end":{"line":116,"column":60}}},"fnMap":{"0":{"name":"loadCache","decl":{"start":{"line":35,"column":22},"end":{"line":35,"column":31}},"loc":{"start":{"line":35,"column":34},"end":{"line":89,"column":1}},"line":35},"1":{"name":"initCache","decl":{"start":{"line":92,"column":16},"end":{"line":92,"column":25}},"loc":{"start":{"line":92,"column":28},"end":{"line":99,"column":1}},"line":92},"2":{"name":"getReservationsAfter","decl":{"start":{"line":106,"column":16},"end":{"line":106,"column":36}},"loc":{"start":{"line":106,"column":66},"end":{"line":117,"column":1}},"line":106},"3":{"name":"(anonymous_3)","decl":{"start":{"line":109,"column":39},"end":{"line":109,"column":40}},"loc":{"start":{"line":109,"column":46},"end":{"line":109,"column":76}},"line":109}},"branchMap":{"0":{"loc":{"start":{"line":42,"column":18},"end":{"line":42,"column":76}},"type":"binary-expr","locations":[{"start":{"line":42,"column":18},"end":{"line":42,"column":70}},{"start":{"line":42,"column":74},"end":{"line":42,"column":76}}],"line":42},"1":{"loc":{"start":{"line":51,"column":26},"end":{"line":51,"column":50}},"type":"binary-expr","locations":[{"start":{"line":51,"column":26},"end":{"line":51,"column":44}},{"start":{"line":51,"column":48},"end":{"line":51,"column":50}}],"line":51},"2":{"loc":{"start":{"line":56,"column":8},"end":{"line":61,"column":9}},"type":"if","locations":[{"start":{"line":56,"column":8},"end":{"line":61,"column":9}},{"start":{"line":59,"column":15},"end":{"line":61,"column":9}}],"line":56},"3":{"loc":{"start":{"line":65,"column":6},"end":{"line":72,"column":7}},"type":"if","locations":[{"start":{"line":65,"column":6},"end":{"line":72,"column":7}},{"start":{},"end":{}}],"line":65},"4":{"loc":{"start":{"line":77,"column":6},"end":{"line":80,"column":7}},"type":"if","locations":[{"start":{"line":77,"column":6},"end":{"line":80,"column":7}},{"start":{},"end":{}}],"line":77},"5":{"loc":{"start":{"line":106,"column":37},"end":{"line":106,"column":52}},"type":"default-arg","locations":[{"start":{"line":106,"column":48},"end":{"line":106,"column":52}}],"line":106},"6":{"loc":{"start":{"line":106,"column":54},"end":{"line":106,"column":64}},"type":"default-arg","locations":[{"start":{"line":106,"column":62},"end":{"line":106,"column":64}}],"line":106},"7":{"loc":{"start":{"line":108,"column":2},"end":{"line":115,"column":3}},"type":"if","locations":[{"start":{"line":108,"column":2},"end":{"line":115,"column":3}},{"start":{},"end":{}}],"line":108},"8":{"loc":{"start":{"line":110,"column":4},"end":{"line":113,"column":5}},"type":"if","locations":[{"start":{"line":110,"column":4},"end":{"line":113,"column":5}},{"start":{},"end":{}}],"line":110},"9":{"loc":{"start":{"line":114,"column":4},"end":{"line":114,"column":39}},"type":"if","locations":[{"start":{"line":114,"column":4},"end":{"line":114,"column":39}},{"start":{},"end":{}}],"line":114}},"s":{"0":2,"1":2,"2":2,"3":2,"4":2,"5":4,"6":4,"7":4,"8":4,"9":4,"10":600,"11":600,"12":600,"13":4,"14":4,"15":95448,"16":95448,"17":95448,"18":95448,"19":95448,"20":600,"21":600,"22":560,"23":560,"24":40,"25":95448,"26":37944,"27":95448,"28":95448,"29":95448,"30":560,"31":560,"32":4,"33":0,"34":0,"35":2,"36":2,"37":2,"38":0,"39":0,"40":204,"41":204,"42":194,"43":926213,"44":194,"45":2,"46":192,"47":192,"48":202},"f":{"0":4,"1":2,"2":204,"3":926213},"b":{"0":[600,600],"1":[95448,94848],"2":[560,40],"3":[37944,57504],"4":[560,94888],"5":[0],"6":[1],"7":[194,10],"8":[2,192],"9":[192,0]},"inputSourceMap":null,"_coverageSchema":"1a1c01bbd47fc00a2c39e90264f33305004495a9","hash":"436f44985754b9a752782edb864e52437fa65819"}
,"/Users/orikanner/Documents/plusgrade_playground/server/src/middlewares/errorHandler.js": {"path":"/Users/orikanner/Documents/plusgrade_playground/server/src/middlewares/errorHandler.js","statementMap":{"0":{"start":{"line":7,"column":2},"end":{"line":7,"column":54}},"1":{"start":{"line":9,"column":17},"end":{"line":9,"column":38}},"2":{"start":{"line":10,"column":18},"end":{"line":12,"column":3}},"3":{"start":{"line":15,"column":2},"end":{"line":17,"column":3}},"4":{"start":{"line":16,"column":4},"end":{"line":16,"column":30}},"5":{"start":{"line":20,"column":2},"end":{"line":20,"column":59}},"6":{"start":{"line":23,"column":2},"end":{"line":23,"column":46}}},"fnMap":{"0":{"name":"errorHandler","decl":{"start":{"line":6,"column":24},"end":{"line":6,"column":36}},"loc":{"start":{"line":6,"column":59},"end":{"line":24,"column":1}},"line":6}},"branchMap":{"0":{"loc":{"start":{"line":9,"column":17},"end":{"line":9,"column":38}},"type":"binary-expr","locations":[{"start":{"line":9,"column":17},"end":{"line":9,"column":31}},{"start":{"line":9,"column":35},"end":{"line":9,"column":38}}],"line":9},"1":{"loc":{"start":{"line":11,"column":13},"end":{"line":11,"column":51}},"type":"binary-expr","locations":[{"start":{"line":11,"column":13},"end":{"line":11,"column":24}},{"start":{"line":11,"column":28},"end":{"line":11,"column":51}}],"line":11},"2":{"loc":{"start":{"line":15,"column":2},"end":{"line":17,"column":3}},"type":"if","locations":[{"start":{"line":15,"column":2},"end":{"line":17,"column":3}},{"start":{},"end":{}}],"line":15}},"s":{"0":0,"1":0,"2":0,"3":0,"4":0,"5":0,"6":0},"f":{"0":0},"b":{"0":[0,0],"1":[0,0],"2":[0,0]},"inputSourceMap":null}
,"/Users/orikanner/Documents/plusgrade_playground/server/src/middlewares/rateLimiter.js": {"path":"/Users/orikanner/Documents/plusgrade_playground/server/src/middlewares/rateLimiter.js","statementMap":{"0":{"start":{"line":16,"column":23},"end":{"line":31,"column":2}},"1":{"start":{"line":27,"column":4},"end":{"line":29,"column":7}}},"fnMap":{"0":{"name":"(anonymous_0)","decl":{"start":{"line":26,"column":11},"end":{"line":26,"column":12}},"loc":{"start":{"line":26,"column":26},"end":{"line":30,"column":3}},"line":26}},"branchMap":{},"s":{"0":0,"1":0},"f":{"0":0},"b":{},"inputSourceMap":null}
,"/Users/orikanner/Documents/plusgrade_playground/server/src/middlewares/validatePagination.js": {"path":"/Users/orikanner/Documents/plusgrade_playground/server/src/middlewares/validatePagination.js","statementMap":{"0":{"start":{"line":13,"column":25},"end":{"line":21,"column":2}},"1":{"start":{"line":31,"column":17},"end":{"line":31,"column":54}},"2":{"start":{"line":32,"column":2},"end":{"line":40,"column":3}},"3":{"start":{"line":34,"column":4},"end":{"line":39,"column":6}},"4":{"start":{"line":42,"column":2},"end":{"line":42,"column":31}},"5":{"start":{"line":43,"column":2},"end":{"line":43,"column":9}}},"fnMap":{"0":{"name":"validatePagination","decl":{"start":{"line":30,"column":16},"end":{"line":30,"column":34}},"loc":{"start":{"line":30,"column":52},"end":{"line":44,"column":1}},"line":30}},"branchMap":{"0":{"loc":{"start":{"line":32,"column":2},"end":{"line":40,"column":3}},"type":"if","locations":[{"start":{"line":32,"column":2},"end":{"line":40,"column":3}},{"start":{},"end":{}}],"line":32}},"s":{"0":0,"1":0,"2":0,"3":0,"4":0,"5":0},"f":{"0":0},"b":{"0":[0,0]},"inputSourceMap":null}
,"/Users/orikanner/Documents/plusgrade_playground/server/src/routes/health.router.js": {"path":"/Users/orikanner/Documents/plusgrade_playground/server/src/routes/health.router.js","statementMap":{"0":{"start":{"line":4,"column":21},"end":{"line":4,"column":29}},"1":{"start":{"line":11,"column":0},"end":{"line":11,"column":40}}},"fnMap":{},"branchMap":{},"s":{"0":0,"1":0},"f":{},"b":{},"inputSourceMap":null}
,"/Users/orikanner/Documents/plusgrade_playground/server/src/routes/reservations.router.js": {"path":"/Users/orikanner/Documents/plusgrade_playground/server/src/routes/reservations.router.js","statementMap":{"0":{"start":{"line":4,"column":27},"end":{"line":4,"column":35}},"1":{"start":{"line":6,"column":0},"end":{"line":6,"column":75}}},"fnMap":{},"branchMap":{},"s":{"0":0,"1":0},"f":{},"b":{},"inputSourceMap":null}
,"/Users/orikanner/Documents/plusgrade_playground/server/src/services/healthService.js": {"path":"/Users/orikanner/Documents/plusgrade_playground/server/src/services/healthService.js","statementMap":{"0":{"start":{"line":10,"column":2},"end":{"line":13,"column":4}}},"fnMap":{"0":{"name":"getHealthStatus","decl":{"start":{"line":9,"column":16},"end":{"line":9,"column":31}},"loc":{"start":{"line":9,"column":34},"end":{"line":14,"column":1}},"line":9}},"branchMap":{},"s":{"0":0},"f":{"0":0},"b":{},"inputSourceMap":null}
,"/Users/orikanner/Documents/plusgrade_playground/server/src/services/reservationService.js": {"path":"/Users/orikanner/Documents/plusgrade_playground/server/src/services/reservationService.js","statementMap":{"0":{"start":{"line":10,"column":15},"end":{"line":10,"column":50}},"1":{"start":{"line":13,"column":4},"end":{"line":13,"column":70}},"2":{"start":{"line":14,"column":2},"end":{"line":17,"column":4}}},"fnMap":{"0":{"name":"fetchReservations","decl":{"start":{"line":8,"column":16},"end":{"line":8,"column":33}},"loc":{"start":{"line":8,"column":63},"end":{"line":18,"column":1}},"line":8}},"branchMap":{"0":{"loc":{"start":{"line":8,"column":34},"end":{"line":8,"column":61}},"type":"default-arg","locations":[{"start":{"line":8,"column":59},"end":{"line":8,"column":61}}],"line":8},"1":{"loc":{"start":{"line":8,"column":44},"end":{"line":8,"column":54}},"type":"default-arg","locations":[{"start":{"line":8,"column":52},"end":{"line":8,"column":54}}],"line":8},"2":{"loc":{"start":{"line":13,"column":4},"end":{"line":13,"column":70}},"type":"cond-expr","locations":[{"start":{"line":13,"column":26},"end":{"line":13,"column":30}},{"start":{"line":13,"column":33},"end":{"line":13,"column":70}}],"line":13}},"s":{"0":197,"1":197,"2":197},"f":{"0":197},"b":{"0":[0],"1":[0],"2":[5,192]},"inputSourceMap":null,"_coverageSchema":"1a1c01bbd47fc00a2c39e90264f33305004495a9","hash":"57493ad3352c55363715ed16ed2b6048a57c9536"}
,"/Users/orikanner/Documents/plusgrade_playground/server/src/utilities/AppError.js": {"path":"/Users/orikanner/Documents/plusgrade_playground/server/src/utilities/AppError.js","statementMap":{"0":{"start":{"line":3,"column":4},"end":{"line":3,"column":19}},"1":{"start":{"line":4,"column":4},"end":{"line":4,"column":27}},"2":{"start":{"line":5,"column":4},"end":{"line":5,"column":33}},"3":{"start":{"line":6,"column":4},"end":{"line":6,"column":52}}},"fnMap":{"0":{"name":"(anonymous_0)","decl":{"start":{"line":2,"column":2},"end":{"line":2,"column":3}},"loc":{"start":{"line":2,"column":41},"end":{"line":7,"column":3}},"line":2}},"branchMap":{"0":{"loc":{"start":{"line":2,"column":23},"end":{"line":2,"column":39}},"type":"default-arg","locations":[{"start":{"line":2,"column":36},"end":{"line":2,"column":39}}],"line":2}},"s":{"0":0,"1":0,"2":0,"3":0},"f":{"0":0},"b":{"0":[0]},"inputSourceMap":null,"_coverageSchema":"1a1c01bbd47fc00a2c39e90264f33305004495a9","hash":"f163587a6dad82246cd9e4d7765e440ab77cee9f"}
,"/Users/orikanner/Documents/plusgrade_playground/server/src/utilities/apiResponse.js": {"path":"/Users/orikanner/Documents/plusgrade_playground/server/src/utilities/apiResponse.js","statementMap":{"0":{"start":{"line":3,"column":2},"end":{"line":3,"column":58}},"1":{"start":{"line":7,"column":2},"end":{"line":7,"column":60}}},"fnMap":{"0":{"name":"sendSuccess","decl":{"start":{"line":2,"column":16},"end":{"line":2,"column":27}},"loc":{"start":{"line":2,"column":53},"end":{"line":4,"column":1}},"line":2},"1":{"name":"sendError","decl":{"start":{"line":6,"column":16},"end":{"line":6,"column":25}},"loc":{"start":{"line":6,"column":52},"end":{"line":8,"column":1}},"line":6}},"branchMap":{"0":{"loc":{"start":{"line":2,"column":39},"end":{"line":2,"column":51}},"type":"default-arg","locations":[{"start":{"line":2,"column":48},"end":{"line":2,"column":51}}],"line":2},"1":{"loc":{"start":{"line":6,"column":38},"end":{"line":6,"column":50}},"type":"default-arg","locations":[{"start":{"line":6,"column":47},"end":{"line":6,"column":50}}],"line":6}},"s":{"0":0,"1":0},"f":{"0":0,"1":0},"b":{"0":[0],"1":[0]},"inputSourceMap":null}
,"/Users/orikanner/Documents/plusgrade_playground/server/src/utilities/constants.js": {"path":"/Users/orikanner/Documents/plusgrade_playground/server/src/utilities/constants.js","statementMap":{"0":{"start":{"line":3,"column":29},"end":{"line":6,"column":1}},"1":{"start":{"line":8,"column":29},"end":{"line":8,"column":36}},"2":{"start":{"line":10,"column":32},"end":{"line":10,"column":35}},"3":{"start":{"line":11,"column":38},"end":{"line":11,"column":52}}},"fnMap":{},"branchMap":{},"s":{"0":2,"1":2,"2":2,"3":2},"f":{},"b":{},"inputSourceMap":null,"_coverageSchema":"1a1c01bbd47fc00a2c39e90264f33305004495a9","hash":"b9803fa08040ef8b5a3509f9a72c401d4340912b"}
,"/Users/orikanner/Documents/plusgrade_playground/server/src/utilities/jsonLoader.js": {"path":"/Users/orikanner/Documents/plusgrade_playground/server/src/utilities/jsonLoader.js","statementMap":{"0":{"start":{"line":15,"column":39},"end":{"line":15,"column":46}},"1":{"start":{"line":17,"column":2},"end":{"line":57,"column":3}},"2":{"start":{"line":20,"column":4},"end":{"line":27,"column":5}},"3":{"start":{"line":21,"column":6},"end":{"line":21,"column":73}},"4":{"start":{"line":21,"column":39},"end":{"line":21,"column":71}},"5":{"start":{"line":23,"column":6},"end":{"line":26,"column":8}},"6":{"start":{"line":29,"column":4},"end":{"line":34,"column":5}},"7":{"start":{"line":31,"column":6},"end":{"line":31,"column":33}},"8":{"start":{"line":33,"column":6},"end":{"line":33,"column":66}},"9":{"start":{"line":35,"column":4},"end":{"line":35,"column":71}},"10":{"start":{"line":36,"column":4},"end":{"line":36,"column":44}},"11":{"start":{"line":36,"column":32},"end":{"line":36,"column":44}},"12":{"start":{"line":37,"column":4},"end":{"line":49,"column":5}},"13":{"start":{"line":39,"column":24},"end":{"line":39,"column":49}},"14":{"start":{"line":40,"column":6},"end":{"line":40,"column":57}},"15":{"start":{"line":41,"column":6},"end":{"line":41,"column":23}},"16":{"start":{"line":43,"column":6},"end":{"line":43,"column":50}},"17":{"start":{"line":45,"column":23},"end":{"line":47,"column":7}},"18":{"start":{"line":46,"column":15},"end":{"line":46,"column":50}},"19":{"start":{"line":48,"column":6},"end":{"line":48,"column":79}},"20":{"start":{"line":52,"column":4},"end":{"line":52,"column":43}},"21":{"start":{"line":52,"column":33},"end":{"line":52,"column":43}},"22":{"start":{"line":53,"column":4},"end":{"line":56,"column":6}}},"fnMap":{"0":{"name":"readJson","decl":{"start":{"line":13,"column":22},"end":{"line":13,"column":30}},"loc":{"start":{"line":13,"column":77},"end":{"line":58,"column":1}},"line":13},"1":{"name":"(anonymous_1)","decl":{"start":{"line":21,"column":33},"end":{"line":21,"column":34}},"loc":{"start":{"line":21,"column":39},"end":{"line":21,"column":71}},"line":21},"2":{"name":"(anonymous_2)","decl":{"start":{"line":46,"column":8},"end":{"line":46,"column":9}},"loc":{"start":{"line":46,"column":15},"end":{"line":46,"column":50}},"line":46}},"branchMap":{"0":{"loc":{"start":{"line":13,"column":41},"end":{"line":13,"column":61}},"type":"default-arg","locations":[{"start":{"line":13,"column":57},"end":{"line":13,"column":61}}],"line":13},"1":{"loc":{"start":{"line":13,"column":63},"end":{"line":13,"column":75}},"type":"default-arg","locations":[{"start":{"line":13,"column":73},"end":{"line":13,"column":75}}],"line":13},"2":{"loc":{"start":{"line":15,"column":10},"end":{"line":15,"column":34}},"type":"default-arg","locations":[{"start":{"line":15,"column":21},"end":{"line":15,"column":34}}],"line":15},"3":{"loc":{"start":{"line":36,"column":4},"end":{"line":36,"column":44}},"type":"if","locations":[{"start":{"line":36,"column":4},"end":{"line":36,"column":44}},{"start":{},"end":{}}],"line":36},"4":{"loc":{"start":{"line":52,"column":4},"end":{"line":52,"column":43}},"type":"if","locations":[{"start":{"line":52,"column":4},"end":{"line":52,"column":43}},{"start":{},"end":{}}],"line":52}},"s":{"0":8,"1":8,"2":8,"3":8,"4":8,"5":0,"6":8,"7":8,"8":0,"9":8,"10":8,"11":0,"12":8,"13":8,"14":8,"15":8,"16":0,"17":0,"18":0,"19":0,"20":0,"21":0,"22":0},"f":{"0":8,"1":8,"2":0},"b":{"0":[0],"1":[8],"2":[8],"3":[0,8],"4":[0,0]},"inputSourceMap":null,"_coverageSchema":"1a1c01bbd47fc00a2c39e90264f33305004495a9","hash":"503cf2ec3e78c829778f192ac8bfbebebc91a2a0"}
,"/Users/orikanner/Documents/plusgrade_playground/server/src/utilities/logger.js": {"path":"/Users/orikanner/Documents/plusgrade_playground/server/src/utilities/logger.js","statementMap":{"0":{"start":{"line":3,"column":29},"end":{"line":7,"column":2}},"1":{"start":{"line":3,"column":39},"end":{"line":7,"column":1}},"2":{"start":{"line":9,"column":29},"end":{"line":12,"column":2}},"3":{"start":{"line":9,"column":39},"end":{"line":12,"column":1}},"4":{"start":{"line":14,"column":22},"end":{"line":14,"column":28}}},"fnMap":{"0":{"name":"(anonymous_0)","decl":{"start":{"line":3,"column":29},"end":{"line":3,"column":30}},"loc":{"start":{"line":3,"column":39},"end":{"line":7,"column":1}},"line":3},"1":{"name":"(anonymous_1)","decl":{"start":{"line":9,"column":29},"end":{"line":9,"column":30}},"loc":{"start":{"line":9,"column":39},"end":{"line":12,"column":1}},"line":9}},"branchMap":{},"s":{"0":2,"1":0,"2":2,"3":0,"4":2},"f":{"0":0,"1":0},"b":{},"inputSourceMap":null,"_coverageSchema":"1a1c01bbd47fc00a2c39e90264f33305004495a9","hash":"d8839610e2059a328d52c9b557fc1c1c28619c97"}
,"/Users/orikanner/Documents/plusgrade_playground/server/src/utilities/numberUtils.js": {"path":"/Users/orikanner/Documents/plusgrade_playground/server/src/utilities/numberUtils.js","statementMap":{"0":{"start":{"line":12,"column":2},"end":{"line":14,"column":3}},"1":{"start":{"line":13,"column":4},"end":{"line":13,"column":17}},"2":{"start":{"line":17,"column":2},"end":{"line":22,"column":3}},"3":{"start":{"line":18,"column":4},"end":{"line":20,"column":6}},"4":{"start":{"line":21,"column":4},"end":{"line":21,"column":15}},"5":{"start":{"line":25,"column":12},"end":{"line":25,"column":25}},"6":{"start":{"line":26,"column":2},"end":{"line":28,"column":3}},"7":{"start":{"line":27,"column":4},"end":{"line":27,"column":76}},"8":{"start":{"line":29,"column":2},"end":{"line":29,"column":11}}},"fnMap":{"0":{"name":"parseNumber","decl":{"start":{"line":10,"column":16},"end":{"line":10,"column":27}},"loc":{"start":{"line":10,"column":35},"end":{"line":30,"column":1}},"line":10}},"branchMap":{"0":{"loc":{"start":{"line":12,"column":2},"end":{"line":14,"column":3}},"type":"if","locations":[{"start":{"line":12,"column":2},"end":{"line":14,"column":3}},{"start":{},"end":{}}],"line":12},"1":{"loc":{"start":{"line":17,"column":2},"end":{"line":22,"column":3}},"type":"if","locations":[{"start":{"line":17,"column":2},"end":{"line":22,"column":3}},{"start":{},"end":{}}],"line":17},"2":{"loc":{"start":{"line":26,"column":2},"end":{"line":28,"column":3}},"type":"if","locations":[{"start":{"line":26,"column":2},"end":{"line":28,"column":3}},{"start":{},"end":{}}],"line":26}},"s":{"0":0,"1":0,"2":0,"3":0,"4":0,"5":0,"6":0,"7":0,"8":0},"f":{"0":0},"b":{"0":[0,0],"1":[0,0],"2":[0,0]},"inputSourceMap":null}
,"/Users/orikanner/Documents/plusgrade_playground/server/src/utilities/retry.js": {"path":"/Users/orikanner/Documents/plusgrade_playground/server/src/utilities/retry.js","statementMap":{"0":{"start":{"line":27,"column":6},"end":{"line":27,"column":13}},"1":{"start":{"line":29,"column":16},"end":{"line":29,"column":17}},"2":{"start":{"line":30,"column":14},"end":{"line":30,"column":26}},"3":{"start":{"line":33,"column":2},"end":{"line":50,"column":3}},"4":{"start":{"line":35,"column":4},"end":{"line":49,"column":5}},"5":{"start":{"line":36,"column":6},"end":{"line":36,"column":24}},"6":{"start":{"line":38,"column":6},"end":{"line":38,"column":24}},"7":{"start":{"line":39,"column":6},"end":{"line":39,"column":19}},"8":{"start":{"line":41,"column":6},"end":{"line":41,"column":37}},"9":{"start":{"line":41,"column":31},"end":{"line":41,"column":37}},"10":{"start":{"line":43,"column":6},"end":{"line":45,"column":8}},"11":{"start":{"line":44,"column":8},"end":{"line":44,"column":54}},"12":{"start":{"line":48,"column":6},"end":{"line":48,"column":22}},"13":{"start":{"line":53,"column":2},"end":{"line":53,"column":18}}},"fnMap":{"0":{"name":"retryAsync","decl":{"start":{"line":21,"column":22},"end":{"line":21,"column":32}},"loc":{"start":{"line":21,"column":51},"end":{"line":54,"column":1}},"line":21},"1":{"name":"(anonymous_1)","decl":{"start":{"line":43,"column":24},"end":{"line":43,"column":25}},"loc":{"start":{"line":44,"column":8},"end":{"line":44,"column":54}},"line":44}},"branchMap":{"0":{"loc":{"start":{"line":21,"column":37},"end":{"line":21,"column":49}},"type":"default-arg","locations":[{"start":{"line":21,"column":47},"end":{"line":21,"column":49}}],"line":21},"1":{"loc":{"start":{"line":23,"column":4},"end":{"line":23,"column":15}},"type":"default-arg","locations":[{"start":{"line":23,"column":14},"end":{"line":23,"column":15}}],"line":23},"2":{"loc":{"start":{"line":24,"column":4},"end":{"line":24,"column":22}},"type":"default-arg","locations":[{"start":{"line":24,"column":19},"end":{"line":24,"column":22}}],"line":24},"3":{"loc":{"start":{"line":25,"column":4},"end":{"line":25,"column":14}},"type":"default-arg","locations":[{"start":{"line":25,"column":13},"end":{"line":25,"column":14}}],"line":25},"4":{"loc":{"start":{"line":26,"column":4},"end":{"line":26,"column":19}},"type":"default-arg","locations":[{"start":{"line":26,"column":15},"end":{"line":26,"column":19}}],"line":26},"5":{"loc":{"start":{"line":41,"column":6},"end":{"line":41,"column":37}},"type":"if","locations":[{"start":{"line":41,"column":6},"end":{"line":41,"column":37}},{"start":{},"end":{}}],"line":41}},"s":{"0":8,"1":8,"2":8,"3":8,"4":8,"5":8,"6":0,"7":0,"8":0,"9":0,"10":0,"11":0,"12":0,"13":0},"f":{"0":8,"1":0},"b":{"0":[8],"1":[8],"2":[8],"3":[8],"4":[8],"5":[0,0]},"inputSourceMap":null,"_coverageSchema":"1a1c01bbd47fc00a2c39e90264f33305004495a9","hash":"6f3f46bc22bbd14780bf7feeeba64d1d0e94f368"}
,"/Users/orikanner/Documents/plusgrade_playground/server/src/utilities/schemas/assignmentSchema.js": {"path":"/Users/orikanner/Documents/plusgrade_playground/server/src/utilities/schemas/assignmentSchema.js","statementMap":{"0":{"start":{"line":3,"column":32},"end":{"line":7,"column":2}},"1":{"start":{"line":8,"column":32},"end":{"line":8,"column":57}}},"fnMap":{},"branchMap":{},"s":{"0":2,"1":2},"f":{},"b":{},"inputSourceMap":null,"_coverageSchema":"1a1c01bbd47fc00a2c39e90264f33305004495a9","hash":"fbed04a97be0e4ad37e230c40f582082c7a01de0"}
,"/Users/orikanner/Documents/plusgrade_playground/server/src/utilities/schemas/chargeSchema.js": {"path":"/Users/orikanner/Documents/plusgrade_playground/server/src/utilities/schemas/chargeSchema.js","statementMap":{"0":{"start":{"line":3,"column":28},"end":{"line":7,"column":2}},"1":{"start":{"line":8,"column":28},"end":{"line":8,"column":49}}},"fnMap":{},"branchMap":{},"s":{"0":2,"1":2},"f":{},"b":{},"inputSourceMap":null,"_coverageSchema":"1a1c01bbd47fc00a2c39e90264f33305004495a9","hash":"d15c7c96e48169d31826581750db14b37b17868c"}
}
