TN:
SF:src/index.js
FN:34,(anonymous_0)
FN:49,(anonymous_1)
FN:69,(anonymous_2)
FN:74,gracefulExit
FN:76,(anonymous_4)
FN:86,(anonymous_5)
FNF:6
FNH:0
FNDA:0,(anonymous_0)
FNDA:0,(anonymous_1)
FNDA:0,(anonymous_2)
FNDA:0,gracefulExit
FNDA:0,(anonymous_4)
FNDA:0,(anonymous_5)
DA:16,0
DA:18,0
DA:23,0
DA:26,0
DA:35,0
DA:42,0
DA:45,0
DA:48,0
DA:51,0
DA:56,0
DA:59,0
DA:62,0
DA:64,0
DA:67,0
DA:69,0
DA:70,0
DA:75,0
DA:76,0
DA:77,0
DA:78,0
DA:79,0
DA:81,0
DA:82,0
DA:86,0
DA:87,0
DA:88,0
DA:93,0
DA:94,0
LF:28
LH:0
BRDA:35,0,0,0
BRDA:35,0,1,0
BRDA:35,1,0,0
BRDA:35,1,1,0
BRDA:77,2,0,0
BRDA:77,2,1,0
BRF:6
BRH:0
end_of_record
TN:
SF:src/config/env.js
FNF:0
FNH:0
DA:3,0
DA:5,0
DA:6,0
DA:7,0
LF:4
LH:0
BRDA:5,0,0,0
BRDA:5,0,1,0
BRDA:6,1,0,0
BRDA:6,1,1,0
BRDA:7,2,0,0
BRDA:7,2,1,0
BRF:6
BRH:0
end_of_record
TN:
SF:src/controllers/health.controller.js
FN:13,healthController
FNF:1
FNH:0
FNDA:0,healthController
DA:14,0
DA:15,0
DA:17,0
DA:20,0
LF:4
LH:0
BRF:0
BRH:0
end_of_record
TN:
SF:src/controllers/reservations.controller.js
FN:16,getReservationsController
FNF:1
FNH:0
FNDA:0,getReservationsController
DA:17,0
DA:19,0
DA:20,0
DA:22,0
LF:4
LH:0
BRF:0
BRH:0
end_of_record
TN:
SF:src/db/constants.js
FNF:0
FNH:0
DA:3,2
DA:4,2
DA:7,2
DA:11,2
LF:4
LH:4
BRF:0
BRH:0
end_of_record
TN:
SF:src/db/jsonCache.js
FN:35,loadCache
FN:92,initCache
FN:106,getReservationsAfter
FN:109,(anonymous_3)
FNF:4
FNH:4
FNDA:4,loadCache
FNDA:2,initCache
FNDA:204,getReservationsAfter
FNDA:926213,(anonymous_3)
DA:19,2
DA:20,2
DA:23,2
DA:27,2
DA:29,2
DA:36,4
DA:37,4
DA:38,4
DA:40,4
DA:41,4
DA:42,600
DA:43,600
DA:44,600
DA:47,4
DA:48,4
DA:49,95448
DA:51,95448
DA:52,95448
DA:53,95448
DA:54,95448
DA:55,600
DA:56,600
DA:57,560
DA:58,560
DA:60,40
DA:65,95448
DA:66,37944
DA:75,95448
DA:76,95448
DA:77,95448
DA:78,560
DA:79,560
DA:84,4
DA:86,0
DA:87,0
DA:92,2
DA:93,2
DA:94,2
DA:96,0
DA:97,0
DA:107,204
DA:108,204
DA:109,926213
DA:110,194
DA:112,2
DA:114,192
DA:116,202
LF:47
LH:43
BRDA:42,0,0,600
BRDA:42,0,1,600
BRDA:51,1,0,95448
BRDA:51,1,1,94848
BRDA:56,2,0,560
BRDA:56,2,1,40
BRDA:65,3,0,37944
BRDA:65,3,1,57504
BRDA:77,4,0,560
BRDA:77,4,1,94888
BRDA:106,5,0,0
BRDA:106,6,0,1
BRDA:108,7,0,194
BRDA:108,7,1,10
BRDA:110,8,0,2
BRDA:110,8,1,192
BRDA:114,9,0,192
BRDA:114,9,1,0
BRF:18
BRH:16
end_of_record
TN:
SF:src/middlewares/errorHandler.js
FN:6,errorHandler
FNF:1
FNH:0
FNDA:0,errorHandler
DA:7,0
DA:9,0
DA:10,0
DA:15,0
DA:16,0
DA:20,0
DA:23,0
LF:7
LH:0
BRDA:9,0,0,0
BRDA:9,0,1,0
BRDA:11,1,0,0
BRDA:11,1,1,0
BRDA:15,2,0,0
BRDA:15,2,1,0
BRF:6
BRH:0
end_of_record
TN:
SF:src/middlewares/rateLimiter.js
FN:26,(anonymous_0)
FNF:1
FNH:0
FNDA:0,(anonymous_0)
DA:16,0
DA:27,0
LF:2
LH:0
BRF:0
BRH:0
end_of_record
TN:
SF:src/middlewares/validatePagination.js
FN:30,validatePagination
FNF:1
FNH:0
FNDA:0,validatePagination
DA:13,0
DA:31,0
DA:32,0
DA:34,0
DA:42,0
DA:43,0
LF:6
LH:0
BRDA:32,0,0,0
BRDA:32,0,1,0
BRF:2
BRH:0
end_of_record
TN:
SF:src/routes/health.router.js
FNF:0
FNH:0
DA:4,0
DA:11,0
LF:2
LH:0
BRF:0
BRH:0
end_of_record
TN:
SF:src/routes/reservations.router.js
FNF:0
FNH:0
DA:4,0
DA:6,0
LF:2
LH:0
BRF:0
BRH:0
end_of_record
TN:
SF:src/services/healthService.js
FN:9,getHealthStatus
FNF:1
FNH:0
FNDA:0,getHealthStatus
DA:10,0
LF:1
LH:0
BRF:0
BRH:0
end_of_record
TN:
SF:src/services/reservationService.js
FN:8,fetchReservations
FNF:1
FNH:1
FNDA:197,fetchReservations
DA:10,197
DA:13,197
DA:14,197
LF:3
LH:3
BRDA:8,0,0,0
BRDA:8,1,0,0
BRDA:13,2,0,5
BRDA:13,2,1,192
BRF:4
BRH:2
end_of_record
TN:
SF:src/utilities/AppError.js
FN:2,(anonymous_0)
FNF:1
FNH:0
FNDA:0,(anonymous_0)
DA:3,0
DA:4,0
DA:5,0
DA:6,0
LF:4
LH:0
BRDA:2,0,0,0
BRF:1
BRH:0
end_of_record
TN:
SF:src/utilities/apiResponse.js
FN:2,sendSuccess
FN:6,sendError
FNF:2
FNH:0
FNDA:0,sendSuccess
FNDA:0,sendError
DA:3,0
DA:7,0
LF:2
LH:0
BRDA:2,0,0,0
BRDA:6,1,0,0
BRF:2
BRH:0
end_of_record
TN:
SF:src/utilities/constants.js
FNF:0
FNH:0
DA:3,2
DA:8,2
DA:10,2
DA:11,2
LF:4
LH:4
BRF:0
BRH:0
end_of_record
TN:
SF:src/utilities/jsonLoader.js
FN:13,readJson
FN:21,(anonymous_1)
FN:46,(anonymous_2)
FNF:3
FNH:2
FNDA:8,readJson
FNDA:8,(anonymous_1)
FNDA:0,(anonymous_2)
DA:15,8
DA:17,8
DA:20,8
DA:21,8
DA:23,0
DA:29,8
DA:31,8
DA:33,0
DA:35,8
DA:36,8
DA:37,8
DA:39,8
DA:40,8
DA:41,8
DA:43,0
DA:45,0
DA:46,0
DA:48,0
DA:52,0
DA:53,0
LF:20
LH:12
BRDA:13,0,0,0
BRDA:13,1,0,8
BRDA:15,2,0,8
BRDA:36,3,0,0
BRDA:36,3,1,8
BRDA:52,4,0,0
BRDA:52,4,1,0
BRF:7
BRH:3
end_of_record
TN:
SF:src/utilities/logger.js
FN:3,(anonymous_0)
FN:9,(anonymous_1)
FNF:2
FNH:0
FNDA:0,(anonymous_0)
FNDA:0,(anonymous_1)
DA:3,2
DA:9,2
DA:14,2
LF:3
LH:3
BRF:0
BRH:0
end_of_record
TN:
SF:src/utilities/numberUtils.js
FN:10,parseNumber
FNF:1
FNH:0
FNDA:0,parseNumber
DA:12,0
DA:13,0
DA:17,0
DA:18,0
DA:21,0
DA:25,0
DA:26,0
DA:27,0
DA:29,0
LF:9
LH:0
BRDA:12,0,0,0
BRDA:12,0,1,0
BRDA:17,1,0,0
BRDA:17,1,1,0
BRDA:26,2,0,0
BRDA:26,2,1,0
BRF:6
BRH:0
end_of_record
TN:
SF:src/utilities/retry.js
FN:21,retryAsync
FN:43,(anonymous_1)
FNF:2
FNH:1
FNDA:8,retryAsync
FNDA:0,(anonymous_1)
DA:27,8
DA:29,8
DA:30,8
DA:33,8
DA:35,8
DA:36,8
DA:38,0
DA:39,0
DA:41,0
DA:43,0
DA:44,0
DA:48,0
DA:53,0
LF:13
LH:6
BRDA:21,0,0,8
BRDA:23,1,0,8
BRDA:24,2,0,8
BRDA:25,3,0,8
BRDA:26,4,0,8
BRDA:41,5,0,0
BRDA:41,5,1,0
BRF:7
BRH:5
end_of_record
TN:
SF:src/utilities/schemas/assignmentSchema.js
FNF:0
FNH:0
DA:3,2
DA:8,2
LF:2
LH:2
BRF:0
BRH:0
end_of_record
TN:
SF:src/utilities/schemas/chargeSchema.js
FNF:0
FNH:0
DA:3,2
DA:8,2
LF:2
LH:2
BRF:0
BRH:0
end_of_record
